-------------------------------------------------------------------------------
Test set: com.ivo.practica.EjerciciosTest
-------------------------------------------------------------------------------
Tests run: 12, Failures: 0, Errors: 12, Skipped: 0, Time elapsed: 0.345 s <<< FAILURE! -- in com.ivo.practica.EjerciciosTest
com.ivo.practica.EjerciciosTest.ejercicio06_sumarMatriz -- Time elapsed: 0.117 s <<< ERROR!
java.lang.UnsupportedOperationException: Ejercicio 6 pendiente
	at com.ivo.practica.Ejercicios.sumarMatriz(Ejercicios.java:47)
	at com.ivo.practica.EjerciciosTest.ejercicio06_sumarMatriz(EjerciciosTest.java:42)
	at java.base/java.lang.reflect.Method.invoke(Method.java:580)
	at java.base/java.util.ArrayList.forEach(ArrayList.java:1596)
	at java.base/java.util.ArrayList.forEach(ArrayList.java:1596)

com.ivo.practica.EjerciciosTest.ejercicio11_generarVectorAleatorio -- Time elapsed: 0.021 s <<< ERROR!
java.lang.UnsupportedOperationException: Ejercicio 11 pendiente
	at com.ivo.practica.Ejercicios.generarVectorAleatorio(Ejercicios.java:79)
	at com.ivo.practica.EjerciciosTest.ejercicio11_generarVectorAleatorio(EjerciciosTest.java:75)
	at java.base/java.lang.reflect.Method.invoke(Method.java:580)
	at java.base/java.util.ArrayList.forEach(ArrayList.java:1596)
	at java.base/java.util.ArrayList.forEach(ArrayList.java:1596)

com.ivo.practica.EjerciciosTest.ejercicio09_transponer -- Time elapsed: 0.008 s <<< ERROR!
java.lang.UnsupportedOperationException: Ejercicio 9 pendiente
	at com.ivo.practica.Ejercicios.transponer(Ejercicios.java:62)
	at com.ivo.practica.EjerciciosTest.ejercicio09_transponer(EjerciciosTest.java:62)
	at java.base/java.lang.reflect.Method.invoke(Method.java:580)
	at java.base/java.util.ArrayList.forEach(ArrayList.java:1596)
	at java.base/java.util.ArrayList.forEach(ArrayList.java:1596)

com.ivo.practica.EjerciciosTest.ejercicio04_invertirVector -- Time elapsed: 0.008 s <<< ERROR!
java.lang.UnsupportedOperationException: Ejercicio 4 pendiente
	at com.ivo.practica.Ejercicios.invertirVector(Ejercicios.java:33)
	at com.ivo.practica.EjerciciosTest.ejercicio04_invertirVector(EjerciciosTest.java:29)
	at java.base/java.lang.reflect.Method.invoke(Method.java:580)
	at java.base/java.util.ArrayList.forEach(ArrayList.java:1596)
	at java.base/java.util.ArrayList.forEach(ArrayList.java:1596)

com.ivo.practica.EjerciciosTest.ejercicio03_contarPares -- Time elapsed: 0.010 s <<< ERROR!
java.lang.UnsupportedOperationException: Ejercicio 3 pendiente
	at com.ivo.practica.Ejercicios.contarPares(Ejercicios.java:28)
	at com.ivo.practica.EjerciciosTest.ejercicio03_contarPares(EjerciciosTest.java:23)
	at java.base/java.lang.reflect.Method.invoke(Method.java:580)
	at java.base/java.util.ArrayList.forEach(ArrayList.java:1596)
	at java.base/java.util.ArrayList.forEach(ArrayList.java:1596)

com.ivo.practica.EjerciciosTest.ejercicio08_diagonalPrincipal -- Time elapsed: 0.007 s <<< ERROR!
java.lang.UnsupportedOperationException: Ejercicio 8 pendiente
	at com.ivo.practica.Ejercicios.diagonalPrincipal(Ejercicios.java:57)
	at com.ivo.practica.EjerciciosTest.ejercicio08_diagonalPrincipal(EjerciciosTest.java:55)
	at java.base/java.lang.reflect.Method.invoke(Method.java:580)
	at java.base/java.util.ArrayList.forEach(ArrayList.java:1596)
	at java.base/java.util.ArrayList.forEach(ArrayList.java:1596)

com.ivo.practica.EjerciciosTest.ejercicio12_generarMatrizAleatoria -- Time elapsed: 0.015 s <<< ERROR!
java.lang.UnsupportedOperationException: Ejercicio 12 pendiente
	at com.ivo.practica.Ejercicios.generarMatrizAleatoria(Ejercicios.java:86)
	at com.ivo.practica.EjerciciosTest.ejercicio12_generarMatrizAleatoria(EjerciciosTest.java:89)
	at java.base/java.lang.reflect.Method.invoke(Method.java:580)
	at java.base/java.util.ArrayList.forEach(ArrayList.java:1596)
	at java.base/java.util.ArrayList.forEach(ArrayList.java:1596)

com.ivo.practica.EjerciciosTest.ejercicio02_maximoVector -- Time elapsed: 0.007 s <<< ERROR!
java.lang.UnsupportedOperationException: Ejercicio 2 pendiente
	at com.ivo.practica.Ejercicios.maximoVector(Ejercicios.java:23)
	at com.ivo.practica.EjerciciosTest.ejercicio02_maximoVector(EjerciciosTest.java:17)
	at java.base/java.lang.reflect.Method.invoke(Method.java:580)
	at java.base/java.util.ArrayList.forEach(ArrayList.java:1596)
	at java.base/java.util.ArrayList.forEach(ArrayList.java:1596)

com.ivo.practica.EjerciciosTest.ejercicio01_sumarVector -- Time elapsed: 0.004 s <<< ERROR!
java.lang.UnsupportedOperationException: Ejercicio 1 pendiente
	at com.ivo.practica.Ejercicios.sumarVector(Ejercicios.java:18)
	at com.ivo.practica.EjerciciosTest.ejercicio01_sumarVector(EjerciciosTest.java:11)
	at java.base/java.lang.reflect.Method.invoke(Method.java:580)
	at java.base/java.util.ArrayList.forEach(ArrayList.java:1596)
	at java.base/java.util.ArrayList.forEach(ArrayList.java:1596)

com.ivo.practica.EjerciciosTest.ejercicio05_contiene -- Time elapsed: 0.005 s <<< ERROR!
java.lang.UnsupportedOperationException: Ejercicio 5 pendiente
	at com.ivo.practica.Ejercicios.contiene(Ejercicios.java:38)
	at com.ivo.practica.EjerciciosTest.ejercicio05_contiene(EjerciciosTest.java:35)
	at java.base/java.lang.reflect.Method.invoke(Method.java:580)
	at java.base/java.util.ArrayList.forEach(ArrayList.java:1596)
	at java.base/java.util.ArrayList.forEach(ArrayList.java:1596)

com.ivo.practica.EjerciciosTest.ejercicio07_sumarFila -- Time elapsed: 0.004 s <<< ERROR!
java.lang.UnsupportedOperationException: Ejercicio 7 pendiente
	at com.ivo.practica.Ejercicios.sumarFila(Ejercicios.java:52)
	at com.ivo.practica.EjerciciosTest.ejercicio07_sumarFila(EjerciciosTest.java:48)
	at java.base/java.lang.reflect.Method.invoke(Method.java:580)
	at java.base/java.util.ArrayList.forEach(ArrayList.java:1596)
	at java.base/java.util.ArrayList.forEach(ArrayList.java:1596)

com.ivo.practica.EjerciciosTest.ejercicio10_maximoMatriz -- Time elapsed: 0.004 s <<< ERROR!
java.lang.UnsupportedOperationException: Ejercicio 10 pendiente
	at com.ivo.practica.Ejercicios.maximoMatriz(Ejercicios.java:67)
	at com.ivo.practica.EjerciciosTest.ejercicio10_maximoMatriz(EjerciciosTest.java:67)
	at java.base/java.lang.reflect.Method.invoke(Method.java:580)
	at java.base/java.util.ArrayList.forEach(ArrayList.java:1596)
	at java.base/java.util.ArrayList.forEach(ArrayList.java:1596)

