-------------------------------------------------------------------------------
Test set: com.ivo.practica.EjerciciosTest
-------------------------------------------------------------------------------
Tests run: 1, Failures: 0, Errors: 1, Skipped: 0, Time elapsed: 0.262 s <<< FAILURE! -- in com.ivo.practica.EjerciciosTest
com.ivo.practica.EjerciciosTest.ejercicio09_transponer -- Time elapsed: 0.154 s <<< ERROR!
java.lang.ArrayIndexOutOfBoundsException: Index 2 out of bounds for length 2
	at com.ivo.practica.Ejercicios.transponer(Ejercicios.java:122)
	at com.ivo.practica.EjerciciosTest.ejercicio09_transponer(EjerciciosTest.java:62)
	at java.base/java.lang.reflect.Method.invoke(Method.java:580)
	at java.base/java.util.ArrayList.forEach(ArrayList.java:1596)
	at java.base/java.util.ArrayList.forEach(ArrayList.java:1596)

