<?xml version="1.0" encoding="UTF-8"?>
<testsuite xmlns:xsi="http://www.w3.org/2001/XMLSchema-instance" xsi:noNamespaceSchemaLocation="https://maven.apache.org/surefire/maven-surefire-plugin/xsd/surefire-test-report.xsd" version="3.0.2" name="com.ivo.practica.EjerciciosTest" time="0.345" tests="12" errors="12" skipped="0" failures="0">
  <properties>
[...]
</properties>
  <testcase name="ejercicio06_sumarMatriz" classname="com.ivo.practica.EjerciciosTest" time="0.117">
    <error message="Ejercicio 6 pendiente" type="java.lang.UnsupportedOperationException"><![CDATA[java.lang.UnsupportedOperationException: Ejercicio 6 pendiente
	at com.ivo.practica.Ejercicios.sumarMatriz(Ejercicios.java:47)
	at com.ivo.practica.EjerciciosTest.ejercicio06_sumarMatriz(EjerciciosTest.java:42)
	at java.base/java.lang.reflect.Method.invoke(Method.java:580)
	at java.base/java.util.ArrayList.forEach(ArrayList.java:1596)
	at java.base/java.util.ArrayList.forEach(ArrayList.java:1596)
]]></error>
  </testcase>
  <testcase name="ejercicio11_generarVectorAleatorio" classname="com.ivo.practica.EjerciciosTest" time="0.021">
    <error message="Ejercicio 11 pendiente" type="java.lang.UnsupportedOperationException"><![CDATA[java.lang.UnsupportedOperationException: Ejercicio 11 pendiente
	at com.ivo.practica.Ejercicios.generarVectorAleatorio(Ejercicios.java:79)
	at com.ivo.practica.EjerciciosTest.ejercicio11_generarVectorAleatorio(EjerciciosTest.java:75)
	at java.base/java.lang.reflect.Method.invoke(Method.java:580)
	at java.base/java.util.ArrayList.forEach(ArrayList.java:1596)
	at java.base/java.util.ArrayList.forEach(ArrayList.java:1596)
]]></error>
  </testcase>
  <testcase name="ejercicio09_transponer" classname="com.ivo.practica.EjerciciosTest" time="0.008">
    <error message="Ejercicio 9 pendiente" type="java.lang.UnsupportedOperationException"><![CDATA[java.lang.UnsupportedOperationException: Ejercicio 9 pendiente
	at com.ivo.practica.Ejercicios.transponer(Ejercicios.java:62)
	at com.ivo.practica.EjerciciosTest.ejercicio09_transponer(EjerciciosTest.java:62)
	at java.base/java.lang.reflect.Method.invoke(Method.java:580)
	at java.base/java.util.ArrayList.forEach(ArrayList.java:1596)
	at java.base/java.util.ArrayList.forEach(ArrayList.java:1596)
]]></error>
  </testcase>
  <testcase name="ejercicio04_invertirVector" classname="com.ivo.practica.EjerciciosTest" time="0.008">
    <error message="Ejercicio 4 pendiente" type="java.lang.UnsupportedOperationException"><![CDATA[java.lang.UnsupportedOperationException: Ejercicio 4 pendiente
	at com.ivo.practica.Ejercicios.invertirVector(Ejercicios.java:33)
	at com.ivo.practica.EjerciciosTest.ejercicio04_invertirVector(EjerciciosTest.java:29)
	at java.base/java.lang.reflect.Method.invoke(Method.java:580)
	at java.base/java.util.ArrayList.forEach(ArrayList.java:1596)
	at java.base/java.util.ArrayList.forEach(ArrayList.java:1596)
]]></error>
  </testcase>
  <testcase name="ejercicio03_contarPares" classname="com.ivo.practica.EjerciciosTest" time="0.01">
    <error message="Ejercicio 3 pendiente" type="java.lang.UnsupportedOperationException"><![CDATA[java.lang.UnsupportedOperationException: Ejercicio 3 pendiente
	at com.ivo.practica.Ejercicios.contarPares(Ejercicios.java:28)
	at com.ivo.practica.EjerciciosTest.ejercicio03_contarPares(EjerciciosTest.java:23)
	at java.base/java.lang.reflect.Method.invoke(Method.java:580)
	at java.base/java.util.ArrayList.forEach(ArrayList.java:1596)
	at java.base/java.util.ArrayList.forEach(ArrayList.java:1596)
]]></error>
  </testcase>
  <testcase name="ejercicio08_diagonalPrincipal" classname="com.ivo.practica.EjerciciosTest" time="0.007">
    <error message="Ejercicio 8 pendiente" type="java.lang.UnsupportedOperationException"><![CDATA[java.lang.UnsupportedOperationException: Ejercicio 8 pendiente
	at com.ivo.practica.Ejercicios.diagonalPrincipal(Ejercicios.java:57)
	at com.ivo.practica.EjerciciosTest.ejercicio08_diagonalPrincipal(EjerciciosTest.java:55)
	at java.base/java.lang.reflect.Method.invoke(Method.java:580)
	at java.base/java.util.ArrayList.forEach(ArrayList.java:1596)
	at java.base/java.util.ArrayList.forEach(ArrayList.java:1596)
]]></error>
  </testcase>
  <testcase name="ejercicio12_generarMatrizAleatoria" classname="com.ivo.practica.EjerciciosTest" time="0.015">
    <error message="Ejercicio 12 pendiente" type="java.lang.UnsupportedOperationException"><![CDATA[java.lang.UnsupportedOperationException: Ejercicio 12 pendiente
	at com.ivo.practica.Ejercicios.generarMatrizAleatoria(Ejercicios.java:86)
	at com.ivo.practica.EjerciciosTest.ejercicio12_generarMatrizAleatoria(EjerciciosTest.java:89)
	at java.base/java.lang.reflect.Method.invoke(Method.java:580)
	at java.base/java.util.ArrayList.forEach(ArrayList.java:1596)
	at java.base/java.util.ArrayList.forEach(ArrayList.java:1596)
]]></error>
  </testcase>
  <testcase name="ejercicio02_maximoVector" classname="com.ivo.practica.EjerciciosTest" time="0.007">
    <error message="Ejercicio 2 pendiente" type="java.lang.UnsupportedOperationException"><![CDATA[java.lang.UnsupportedOperationException: Ejercicio 2 pendiente
	at com.ivo.practica.Ejercicios.maximoVector(Ejercicios.java:23)
	at com.ivo.practica.EjerciciosTest.ejercicio02_maximoVector(EjerciciosTest.java:17)
	at java.base/java.lang.reflect.Method.invoke(Method.java:580)
	at java.base/java.util.ArrayList.forEach(ArrayList.java:1596)
	at java.base/java.util.ArrayList.forEach(ArrayList.java:1596)
]]></error>
  </testcase>
  <testcase name="ejercicio01_sumarVector" classname="com.ivo.practica.EjerciciosTest" time="0.004">
    <error message="Ejercicio 1 pendiente" type="java.lang.UnsupportedOperationException"><![CDATA[java.lang.UnsupportedOperationException: Ejercicio 1 pendiente
	at com.ivo.practica.Ejercicios.sumarVector(Ejercicios.java:18)
	at com.ivo.practica.EjerciciosTest.ejercicio01_sumarVector(EjerciciosTest.java:11)
	at java.base/java.lang.reflect.Method.invoke(Method.java:580)
	at java.base/java.util.ArrayList.forEach(ArrayList.java:1596)
	at java.base/java.util.ArrayList.forEach(ArrayList.java:1596)
]]></error>
  </testcase>
  <testcase name="ejercicio05_contiene" classname="com.ivo.practica.EjerciciosTest" time="0.005">
    <error message="Ejercicio 5 pendiente" type="java.lang.UnsupportedOperationException"><![CDATA[java.lang.UnsupportedOperationException: Ejercicio 5 pendiente
	at com.ivo.practica.Ejercicios.contiene(Ejercicios.java:38)
	at com.ivo.practica.EjerciciosTest.ejercicio05_contiene(EjerciciosTest.java:35)
	at java.base/java.lang.reflect.Method.invoke(Method.java:580)
	at java.base/java.util.ArrayList.forEach(ArrayList.java:1596)
	at java.base/java.util.ArrayList.forEach(ArrayList.java:1596)
]]></error>
  </testcase>
  <testcase name="ejercicio07_sumarFila" classname="com.ivo.practica.EjerciciosTest" time="0.004">
    <error message="Ejercicio 7 pendiente" type="java.lang.UnsupportedOperationException"><![CDATA[java.lang.UnsupportedOperationException: Ejercicio 7 pendiente
	at com.ivo.practica.Ejercicios.sumarFila(Ejercicios.java:52)
	at com.ivo.practica.EjerciciosTest.ejercicio07_sumarFila(EjerciciosTest.java:48)
	at java.base/java.lang.reflect.Method.invoke(Method.java:580)
	at java.base/java.util.ArrayList.forEach(ArrayList.java:1596)
	at java.base/java.util.ArrayList.forEach(ArrayList.java:1596)
]]></error>
  </testcase>
  <testcase name="ejercicio10_maximoMatriz" classname="com.ivo.practica.EjerciciosTest" time="0.004">
    <error message="Ejercicio 10 pendiente" type="java.lang.UnsupportedOperationException"><![CDATA[java.lang.UnsupportedOperationException: Ejercicio 10 pendiente
	at com.ivo.practica.Ejercicios.maximoMatriz(Ejercicios.java:67)
	at com.ivo.practica.EjerciciosTest.ejercicio10_maximoMatriz(EjerciciosTest.java:67)
	at java.base/java.lang.reflect.Method.invoke(Method.java:580)
	at java.base/java.util.ArrayList.forEach(ArrayList.java:1596)
	at java.base/java.util.ArrayList.forEach(ArrayList.java:1596)
]]></error>
  </testcase>
</testsuite>