<?xml version="1.0" encoding="UTF-8"?>
<testsuite xmlns:xsi="http://www.w3.org/2001/XMLSchema-instance" xsi:noNamespaceSchemaLocation="https://maven.apache.org/surefire/maven-surefire-plugin/xsd/surefire-test-report.xsd" version="3.0.2" name="com.ivo.practica.EjerciciosTest" time="0.262" tests="1" errors="1" skipped="0" failures="0">
  <properties>
[...]
</properties>
  <testcase name="ejercicio09_transponer" classname="com.ivo.practica.EjerciciosTest" time="0.154">
    <error message="Index 2 out of bounds for length 2" type="java.lang.ArrayIndexOutOfBoundsException"><![CDATA[java.lang.ArrayIndexOutOfBoundsException: Index 2 out of bounds for length 2
	at com.ivo.practica.Ejercicios.transponer(Ejercicios.java:122)
	at com.ivo.practica.EjerciciosTest.ejercicio09_transponer(EjerciciosTest.java:62)
	at java.base/java.lang.reflect.Method.invoke(Method.java:580)
	at java.base/java.util.ArrayList.forEach(ArrayList.java:1596)
	at java.base/java.util.ArrayList.forEach(ArrayList.java:1596)
]]></error>
  </testcase>
</testsuite>